[0313/004645.445:ERROR:process_reader_win.cc(123)] NtOpenThread: {Access Denied} A process has requested access to an object, but has not been granted those access rights. (0xc0000022)
[0313/004645.834:ERROR:exception_snapshot_win.cc(98)] thread ID 10520 not found in process
[0313/004647.120:ERROR:process_info.cc(329)] VirtualQueryEx: Access is denied. (0x5)
[0313/004647.120:ERROR:process_info.cc(329)] VirtualQueryEx: Access is denied. (0x5)
[0313/004647.169:ERROR:process_info.cc(556)] ReadMemoryInfo failed
[0313/004647.169:ERROR:process_info.cc(556)] ReadMemoryInfo failed
[0313/004647.169:ERROR:scoped_process_suspend.cc(40)] NtResumeProcess: An attempt was made to access an exiting process. (0xc000010a)
[0313/004647.169:ERROR:scoped_process_suspend.cc(40)] NtResumeProcess: An attempt was made to access an exiting process. (0xc000010a)
[0313/004647.360:ERROR:process_info.cc(329)] VirtualQueryEx: Access is denied. (0x5)
[0313/004647.360:ERROR:process_info.cc(556)] ReadMemoryInfo failed
[0313/004647.360:ERROR:scoped_process_suspend.cc(40)] NtResumeProcess: An attempt was made to access an exiting process. (0xc000010a)
[0313/004647.402:ERROR:process_info.cc(329)] VirtualQueryEx: Access is denied. (0x5)
[0313/004647.402:ERROR:process_info.cc(556)] ReadMemoryInfo failed
[0313/004647.402:ERROR:scoped_process_suspend.cc(40)] NtResumeProcess: An attempt was made to access an exiting process. (0xc000010a)
[0313/004647.410:ERROR:process_info.cc(329)] VirtualQueryEx: Access is denied. (0x5)
[0313/004647.410:ERROR:process_info.cc(556)] ReadMemoryInfo failed
[0313/004647.410:ERROR:process_memory_win.cc(39)] Failed to initialize ProcessInfo.
[0313/004647.410:ERROR:scoped_process_suspend.cc(40)] NtResumeProcess: An attempt was made to access an exiting process. (0xc000010a)
[0313/004647.545:ERROR:process_info.cc(329)] VirtualQueryEx: Access is denied. (0x5)
[0313/004647.545:ERROR:process_info.cc(556)] ReadMemoryInfo failed
[0313/004647.545:ERROR:scoped_process_suspend.cc(40)] NtResumeProcess: An attempt was made to access an exiting process. (0xc000010a)
[0313/004647.708:ERROR:process_reader_win.cc(123)] NtOpenThread: {Access Denied} A process has requested access to an object, but has not been granted those access rights. (0xc0000022)
[0313/004647.708:ERROR:exception_snapshot_win.cc(98)] thread ID 2432 not found in process
[0313/004647.708:ERROR:scoped_process_suspend.cc(40)] NtResumeProcess: An attempt was made to access an exiting process. (0xc000010a)
